c:\users\duke\source\repos\consoleapplication1\consoleapplication1\debug\vc141.pdb
c:\users\duke\source\repos\consoleapplication1\consoleapplication1\debug\vc141.idb
c:\users\duke\source\repos\consoleapplication1\consoleapplication1\debug\sha256.obj
c:\users\duke\source\repos\consoleapplication1\consoleapplication1\debug\rsaencryption.obj
c:\users\duke\source\repos\consoleapplication1\consoleapplication1\debug\consoleapplication1.obj
c:\users\duke\source\repos\consoleapplication1\consoleapplication1\debug\bigunsignedinabase.obj
c:\users\duke\source\repos\consoleapplication1\consoleapplication1\debug\bigunsigned.obj
c:\users\duke\source\repos\consoleapplication1\consoleapplication1\debug\bigintegerutils.obj
c:\users\duke\source\repos\consoleapplication1\consoleapplication1\debug\bigintegeralgorithms.obj
c:\users\duke\source\repos\consoleapplication1\consoleapplication1\debug\biginteger.obj
c:\users\duke\source\repos\consoleapplication1\consoleapplication1\debug\rsa435.obj
c:\users\duke\source\repos\consoleapplication1\debug\consoleapplication1.exe
c:\users\duke\source\repos\consoleapplication1\debug\consoleapplication1.ilk
c:\users\duke\source\repos\consoleapplication1\debug\consoleapplication1.pdb
c:\users\duke\source\repos\consoleapplication1\consoleapplication1\debug\pch.obj
c:\users\duke\source\repos\consoleapplication1\consoleapplication1\debug\consoleapplication1.obj.enc
c:\users\duke\source\repos\consoleapplication1\consoleapplication1\debug\rsa435.obj.enc
c:\users\duke\source\repos\consoleapplication1\consoleapplication1\debug\consoleapplication1.pch
c:\users\duke\source\repos\consoleapplication1\consoleapplication1\debug\consolea.3c253dc2.tlog\cl.command.1.tlog
c:\users\duke\source\repos\consoleapplication1\consoleapplication1\debug\consolea.3c253dc2.tlog\cl.read.1.tlog
c:\users\duke\source\repos\consoleapplication1\consoleapplication1\debug\consolea.3c253dc2.tlog\cl.write.1.tlog
c:\users\duke\source\repos\consoleapplication1\consoleapplication1\debug\consolea.3c253dc2.tlog\link.command.1.tlog
c:\users\duke\source\repos\consoleapplication1\consoleapplication1\debug\consolea.3c253dc2.tlog\link.read.1.tlog
c:\users\duke\source\repos\consoleapplication1\consoleapplication1\debug\consolea.3c253dc2.tlog\link.write.1.tlog
